<?xml version="1.0" encoding="UTF-8"?>
<!-- Generated by org.testng.reporters.JUnitXMLReporter -->
<testsuite ignored="0" hostname="SONY" failures="0" tests="4" name="Default test" time="16.104" errors="0" timestamp="2024-08-14T09:07:20 IST">
  <testcase classname="api.test.UserTestsProperties" name="testCreateUser" time="7.013"/>
  <testcase classname="api.test.UserTestsProperties" name="testgetUserByName" time="2.818"/>
  <testcase classname="api.test.UserTestsProperties" name="testUpdateUser" time="1.255"/>
  <testcase classname="api.test.UserTestsProperties" name="deleteUser" time="1.357"/>
</testsuite> <!-- Default test -->
