<?xml version="1.0" encoding="UTF-8"?>
<testng-results ignored="0" total="4" passed="4" failed="0" skipped="0">
  <reporter-output>
  </reporter-output>
  <suite started-at="2024-08-14T09:07:04 IST" name="Default suite" finished-at="2024-08-14T09:07:20 IST" duration-ms="16104">
    <groups>
    </groups>
    <test started-at="2024-08-14T09:07:04 IST" name="Default test" finished-at="2024-08-14T09:07:20 IST" duration-ms="16104">
      <class name="api.test.UserTestsProperties">
        <test-method is-config="true" signature="setUp()[pri:0, instance:api.test.UserTestsProperties@1033576a]" started-at="2024-08-14T09:07:04 IST" name="setUp" finished-at="2024-08-14T09:07:08 IST" duration-ms="3495" status="PASS">
          <reporter-output>
          </reporter-output>
        </test-method> <!-- setUp -->
        <test-method signature="testCreateUser()[pri:1, instance:api.test.UserTestsProperties@1033576a]" started-at="2024-08-14T09:07:08 IST" name="testCreateUser" finished-at="2024-08-14T09:07:15 IST" duration-ms="7013" status="PASS">
          <reporter-output>
          </reporter-output>
        </test-method> <!-- testCreateUser -->
        <test-method signature="testgetUserByName()[pri:2, instance:api.test.UserTestsProperties@1033576a]" started-at="2024-08-14T09:07:15 IST" name="testgetUserByName" finished-at="2024-08-14T09:07:18 IST" depends-on-methods="api.test.UserTestsProperties.testCreateUser" duration-ms="2818" status="PASS">
          <reporter-output>
          </reporter-output>
        </test-method> <!-- testgetUserByName -->
        <test-method signature="testUpdateUser()[pri:3, instance:api.test.UserTestsProperties@1033576a]" started-at="2024-08-14T09:07:18 IST" name="testUpdateUser" finished-at="2024-08-14T09:07:19 IST" depends-on-methods="api.test.UserTestsProperties.testCreateUser" duration-ms="1255" status="PASS">
          <reporter-output>
          </reporter-output>
        </test-method> <!-- testUpdateUser -->
        <test-method signature="deleteUser()[pri:4, instance:api.test.UserTestsProperties@1033576a]" started-at="2024-08-14T09:07:19 IST" name="deleteUser" finished-at="2024-08-14T09:07:20 IST" depends-on-methods="api.test.UserTestsProperties.testCreateUser" duration-ms="1357" status="PASS">
          <reporter-output>
          </reporter-output>
        </test-method> <!-- deleteUser -->
      </class> <!-- api.test.UserTestsProperties -->
    </test> <!-- Default test -->
  </suite> <!-- Default suite -->
</testng-results>
