<?xml version="1.0" encoding="UTF-8"?>
<!-- Generated by org.testng.reporters.JUnitXMLReporter -->
<testsuite ignored="0" hostname="SONY" failures="0" tests="4" name="TestUser" time="64.688" errors="0" timestamp="2024-08-14T07:16:33 IST">
  <testcase classname="api.test.UserTestsProperties" name="testCreateUser" time="28.982"/>
  <testcase classname="api.test.UserTestsProperties" name="testgetUserByName" time="12.128"/>
  <testcase classname="api.test.UserTestsProperties" name="testUpdateUser" time="1.234"/>
  <testcase classname="api.test.UserTestsProperties" name="deleteUser" time="1.185"/>
</testsuite> <!-- TestUser -->
